Task A arrived at 0
Task A finished at 3
Task B arrived at 7
Task C arrived at 10
Task D arrived at 10
Task C blocked at 11
Task B blocked at 12
Task D blocked at 15
Task B unblocked at 15
Task C unblocked at 15
Task C blocked at 18
Task B blocked at 20
Task E arrived at 20
Task E finished at 21
Task C unblocked at 26
Task C blocked at 29
Task B unblocked at 30
Task D unblocked at 30
Task B blocked at 31
Task D blocked at 32
Task F arrived at 33
Task C unblocked at 35
Task F blocked at 39
Task C blocked at 41
Task G arrived at 42
Task H arrived at 45
Task G blocked at 46
Task F unblocked at 46
Task D unblocked at 49
Task G unblocked at 49
Task B unblocked at 51
Task C unblocked at 52
Task B blocked at 53
Task C blocked at 55
Task H blocked at 58
Task I arrived at 58
Task J arrived at 58
Task J blocked at 62
Task C unblocked at 62
Task H unblocked at 62
Task C finished at 65
Task J unblocked at 65
Task K arrived at 68
Task I blocked at 69
Task K blocked at 70
Task F blocked at 71
Task J blocked at 72
Task B unblocked at 75
Task L arrived at 76
Task G blocked at 77
Task H blocked at 78
Task D blocked at 79
Task L blocked at 80
Task F unblocked at 80
Task M arrived at 81
Task J unblocked at 84
Task K unblocked at 84
Task F blocked at 88
Task M blocked at 89
Task B blocked at 90
Task G unblocked at 92
Task M unblocked at 92
Task N arrived at 92
Task I unblocked at 93
Task M blocked at 94
Task K finished at 97
Task B unblocked at 98
Task D unblocked at 98
Task N blocked at 101
Task H unblocked at 101
Task L unblocked at 101
Task F unblocked at 103
Task O arrived at 103
Task O blocked at 106
Task M unblocked at 107
Task I blocked at 109
Task P arrived at 110
Task I unblocked at 111
Task B blocked at 112
Task Q arrived at 114
Task H blocked at 116
Task R arrived at 116
Task N unblocked at 118
Task O unblocked at 119
Task S arrived at 119
Task F blocked at 120
Task I blocked at 121
Task M blocked at 122
Task L blocked at 124
Task D finished at 127
Task T arrived at 127
Task F unblocked at 129
Task G blocked at 130
Task I unblocked at 130
Task L unblocked at 131
Task H unblocked at 132
Task U arrived at 132
Task M unblocked at 134
Task H blocked at 136
Task J blocked at 139
Task G unblocked at 139
Task V arrived at 139
Task B unblocked at 140
Task M blocked at 141
Task H unblocked at 144
Task J unblocked at 144
Task R finished at 146
Task H blocked at 149
Task M unblocked at 149
Task W arrived at 152
Task N blocked at 153
Task I blocked at 154
Task T blocked at 155
Task V blocked at 157
Task I unblocked at 157
Task B finished at 158
Task X arrived at 159
Task S finished at 163
Task J blocked at 165
Task T unblocked at 165
Task H unblocked at 167
Task H blocked at 168
Task J unblocked at 168
Task N unblocked at 171
Task V unblocked at 171
Task Y arrived at 171
Task G blocked at 175
Task N blocked at 176
Task Q blocked at 177
Task V blocked at 178
Task U blocked at 179
Task H unblocked at 179
Task O blocked at 181
Task P blocked at 183
Task Z arrived at 183
Task T blocked at 184
Task L blocked at 185
Task O unblocked at 186
Task U unblocked at 188
Task G unblocked at 189
Task P unblocked at 192
Task N unblocked at 193
Task M blocked at 194
Task P blocked at 195
Task F blocked at 196
Task X blocked at 198
Task Q unblocked at 199
Task X unblocked at 199
Task U blocked at 201
Task V unblocked at 201
Task T unblocked at 203
Task L unblocked at 204
Task M unblocked at 204
Task P unblocked at 204
Task X finished at 205
Task G finished at 206
Task F unblocked at 206
Task U unblocked at 207
Task I blocked at 208
Task L blocked at 209
Task O blocked at 212
Task N blocked at 214
Task J blocked at 215
Task H blocked at 221
Task Q blocked at 224
Task O unblocked at 224
Task M blocked at 225
Task N unblocked at 226
Task U blocked at 227
Task L unblocked at 227
Task J unblocked at 228
Task I unblocked at 229
Task W blocked at 231
Task N blocked at 233
Task U unblocked at 233
Task W unblocked at 234
Task H unblocked at 235
Task M unblocked at 239
Task F blocked at 240
Task O blocked at 241
Task T blocked at 242
Task N unblocked at 242
Task Z blocked at 244
Task L blocked at 245
Task N blocked at 246
Task W finished at 247
Task M blocked at 248
Task T unblocked at 249
Task Z unblocked at 250
Task Q unblocked at 251
Task V blocked at 253
Task L unblocked at 253
Task O unblocked at 253
Task T blocked at 255
Task F unblocked at 255
Task F finished at 257
Task V unblocked at 257
Task P blocked at 260
Task M unblocked at 260
Task N unblocked at 261
Task P unblocked at 263
Task J finished at 265
Task I blocked at 267
Task Y blocked at 270
Task T unblocked at 270
Task O blocked at 271
Task U blocked at 273
Task N blocked at 278
Task U unblocked at 279
Task H blocked at 282
Task Y unblocked at 282
Task H unblocked at 283
Task I unblocked at 283
Task U blocked at 285
Task Z blocked at 286
Task T blocked at 289
Task P blocked at 290
Task U unblocked at 290
Task N unblocked at 294
Task L blocked at 296
Task O unblocked at 296
Task P unblocked at 296
Task Y blocked at 299
Task T unblocked at 300
Task I blocked at 301
Task Z unblocked at 303
Task V blocked at 304
Task L unblocked at 304
Task H finished at 306
Task I unblocked at 308
Task I blocked at 310
Task Q finished at 312
Task N finished at 313
Task I unblocked at 313
Task T blocked at 314
Task M blocked at 317
Task Z blocked at 318
Task T unblocked at 319
Task I finished at 320
Task M unblocked at 321
Task Y unblocked at 321
Task T blocked at 323
Task M finished at 325
Task Z unblocked at 325
Task P blocked at 326
Task V unblocked at 326
Task O blocked at 327
Task U blocked at 329
Task V blocked at 330
Task Z blocked at 331
Task T unblocked at 331
Task Y finished at 335
Task L finished at 337
Task P unblocked at 337
Task T blocked at 338
Task O unblocked at 339
Task O blocked at 340
Task P finished at 341
Task V unblocked at 341
Task V blocked at 342
Task U unblocked at 342
Task U blocked at 345
Task U unblocked at 346
Task U blocked at 348
Task T unblocked at 352
Task Z unblocked at 353
Task T finished at 356
Task Z blocked at 360
Task O unblocked at 360
Task U unblocked at 360
Task O finished at 362
Task Z unblocked at 363
Task U finished at 365
Task V unblocked at 365
Task V finished at 366
Task Z blocked at 367
Task Z unblocked at 385
Task Z blocked at 387
Task Z unblocked at 396
Task Z blocked at 398
Task Z unblocked at 407
Task Z finished at 411
Task A: priority=3, start=0, finish=3, deadline=3, runtime=3, blocktime=0, switches=1, bursts=1
Task B: priority=0, start=7, finish=158, deadline=133, runtime=14, blocktime=91, switches=16, bursts=7
Task C: priority=3, start=10, finish=65, deadline=71, runtime=15, blocktime=36, switches=13, bursts=6
Task D: priority=2, start=10, finish=127, deadline=84, runtime=11, blocktime=51, switches=12, bursts=4
Task E: priority=1, start=20, finish=21, deadline=21, runtime=1, blocktime=0, switches=1, bursts=1
Task F: priority=2, start=33, finish=257, deadline=137, runtime=22, blocktime=65, switches=25, bursts=7
Task G: priority=2, start=42, finish=206, deadline=110, runtime=16, blocktime=41, switches=17, bursts=5
Task H: priority=1, start=45, finish=306, deadline=184, runtime=21, blocktime=95, switches=29, bursts=9
Task I: priority=1, start=58, finish=320, deadline=184, runtime=20, blocktime=85, switches=28, bursts=9
Task J: priority=3, start=58, finish=265, deadline=122, runtime=18, blocktime=36, switches=22, bursts=6
Task K: priority=3, start=68, finish=97, deadline=90, runtime=5, blocktime=14, switches=6, bursts=2
Task L: priority=0, start=76, finish=337, deadline=197, runtime=20, blocktime=81, switches=26, bursts=7
Task M: priority=3, start=81, finish=325, deadline=193, runtime=18, blocktime=76, switches=24, bursts=9
Task N: priority=2, start=92, finish=313, deadline=234, runtime=15, blocktime=104, switches=22, bursts=8
Task O: priority=0, start=103, finish=362, deadline=244, runtime=19, blocktime=99, switches=26, bursts=8
Task P: priority=3, start=110, finish=341, deadline=178, runtime=19, blocktime=38, switches=24, bursts=6
Task Q: priority=0, start=114, finish=312, deadline=186, runtime=11, blocktime=49, switches=13, bursts=3
Task R: priority=0, start=116, finish=146, deadline=117, runtime=1, blocktime=0, switches=1, bursts=1
Task S: priority=3, start=119, finish=163, deadline=122, runtime=3, blocktime=0, switches=3, bursts=1
Task T: priority=2, start=127, finish=356, deadline=266, runtime=27, blocktime=89, switches=30, bursts=9
Task U: priority=3, start=132, finish=365, deadline=230, runtime=24, blocktime=58, switches=27, bursts=9
Task V: priority=1, start=139, finish=366, deadline=272, runtime=14, blocktime=97, switches=19, bursts=7
Task W: priority=3, start=152, finish=247, deadline=161, runtime=5, blocktime=3, switches=6, bursts=2
Task X: priority=0, start=159, finish=205, deadline=167, runtime=6, blocktime=1, switches=7, bursts=2
Task Y: priority=1, start=171, finish=335, deadline=219, runtime=6, blocktime=34, switches=8, bursts=3
Task Z: priority=1, start=183, finish=411, deadline=321, runtime=24, blocktime=91, switches=23, bursts=9
