Task A arrived at 0
Task A finished at 3
Task B arrived at 7
Task C arrived at 10
Task D arrived at 10
Task B blocked at 11
Task D blocked at 14
Task B unblocked at 14
Task B blocked at 16
Task C blocked at 17
Task E arrived at 20
Task E finished at 21
Task C unblocked at 21
Task C blocked at 24
Task B unblocked at 26
Task B blocked at 27
Task D unblocked at 29
Task D blocked at 30
Task C unblocked at 32
Task F arrived at 33
Task F blocked at 37
Task C blocked at 39
Task G arrived at 42
Task F unblocked at 44
Task C unblocked at 45
Task H arrived at 45
Task B unblocked at 47
Task D unblocked at 47
Task B blocked at 48
Task H blocked at 50
Task G blocked at 54
Task H unblocked at 54
Task G unblocked at 57
Task H blocked at 58
Task I arrived at 58
Task J arrived at 58
Task I blocked at 60
Task F blocked at 64
Task D blocked at 67
Task K arrived at 68
Task G blocked at 69
Task B unblocked at 70
Task B blocked at 71
Task K blocked at 72
Task F unblocked at 73
Task F blocked at 76
Task L arrived at 76
Task L blocked at 77
Task J blocked at 79
Task B unblocked at 79
Task H unblocked at 81
Task M arrived at 81
Task J unblocked at 82
Task B blocked at 83
Task G unblocked at 84
Task I unblocked at 84
Task H blocked at 86
Task D unblocked at 86
Task K unblocked at 86
Task I blocked at 87
Task I unblocked at 89
Task F unblocked at 91
Task I blocked at 92
Task N arrived at 92
Task D finished at 97
Task N blocked at 98
Task L unblocked at 98
Task L blocked at 100
Task F blocked at 101
Task I unblocked at 101
Task H unblocked at 102
Task O arrived at 103
Task O blocked at 104
Task H blocked at 106
Task I blocked at 107
Task L unblocked at 107
Task F unblocked at 110
Task I unblocked at 110
Task P arrived at 110
Task L blocked at 111
Task B unblocked at 111
Task B finished at 112
Task H unblocked at 114
Task Q arrived at 114
Task N unblocked at 115
Task R arrived at 116
Task R finished at 117
Task O unblocked at 117
Task S arrived at 119
Task Q blocked at 121
Task O blocked at 123
Task H blocked at 124
Task I blocked at 125
Task T arrived at 127
Task O unblocked at 128
Task L unblocked at 130
Task L blocked at 131
Task U arrived at 132
Task O blocked at 133
Task G blocked at 137
Task V arrived at 139
Task V blocked at 142
Task H unblocked at 142
Task H blocked at 143
Task Q unblocked at 143
Task O unblocked at 145
Task G unblocked at 146
Task I unblocked at 146
Task Q blocked at 147
Task L unblocked at 149
Task O blocked at 151
Task W arrived at 152
Task L blocked at 154
Task H unblocked at 154
Task V unblocked at 156
Task H blocked at 157
Task I blocked at 158
Task V blocked at 159
Task X arrived at 159
Task L unblocked at 162
Task O unblocked at 163
Task X blocked at 164
Task X unblocked at 165
Task O blocked at 166
Task L blocked at 169
Task X finished at 170
Task H unblocked at 171
Task Y arrived at 171
Task I unblocked at 174
Task Q unblocked at 174
Task L unblocked at 177
Task Q finished at 179
Task L finished at 182
Task V unblocked at 182
Task H blocked at 183
Task Z arrived at 183
Task H unblocked at 184
Task Y blocked at 190
Task I blocked at 191
Task O unblocked at 191
Task O blocked at 194
Task V blocked at 195
Task H finished at 198
Task I unblocked at 198
Task I blocked at 199
Task V unblocked at 199
Task Z blocked at 201
Task I unblocked at 202
Task Y unblocked at 202
Task Y blocked at 204
Task I finished at 205
Task O unblocked at 206
Task O blocked at 207
Task Z unblocked at 207
Task V blocked at 209
Task Z blocked at 211
Task N blocked at 214
Task T blocked at 215
Task F blocked at 216
Task G blocked at 217
Task T unblocked at 225
Task T blocked at 226
Task F unblocked at 226
Task Y unblocked at 226
Task Y finished at 227
Task O unblocked at 227
Task O finished at 228
Task Z unblocked at 228
Task Z blocked at 231
Task G unblocked at 231
Task V unblocked at 231
Task V blocked at 232
Task N unblocked at 232
Task N blocked at 234
Task G finished at 235
Task Z unblocked at 238
Task Z blocked at 240
Task F blocked at 241
Task J blocked at 243
Task V unblocked at 243
Task V blocked at 244
Task T unblocked at 245
Task T blocked at 249
Task N unblocked at 251
Task N blocked at 253
Task J unblocked at 255
Task F unblocked at 256
Task T unblocked at 256
Task F finished at 258
Task T blocked at 260
Task Z unblocked at 262
Task N unblocked at 265
Task Z blocked at 266
Task N blocked at 267
Task V unblocked at 267
Task V finished at 268
Task S finished at 269
Task Z unblocked at 269
Task Z blocked at 270
Task C blocked at 273
Task P blocked at 275
Task T unblocked at 275
Task N unblocked at 276
Task N blocked at 277
Task T blocked at 280
Task W blocked at 281
Task M blocked at 282
Task U blocked at 283
Task K finished at 284
Task C unblocked at 284
Task P unblocked at 284
Task W unblocked at 284
Task M unblocked at 285
Task P blocked at 286
Task M blocked at 288
Task Z unblocked at 288
Task Z blocked at 290
Task W finished at 291
Task T unblocked at 291
Task N unblocked at 292
Task U unblocked at 292
Task T blocked at 294
Task N blocked at 295
Task P unblocked at 295
Task C blocked at 296
Task U blocked at 299
Task T unblocked at 299
Task Z unblocked at 299
Task Z blocked at 301
Task M unblocked at 301
Task T blocked at 302
Task J blocked at 303
Task C unblocked at 303
Task U unblocked at 305
Task J unblocked at 308
Task C finished at 309
Task P blocked at 310
Task T unblocked at 310
Task Z unblocked at 310
Task N unblocked at 311
Task P unblocked at 313
Task Z finished at 314
Task N finished at 317
Task T blocked at 320
Task U blocked at 321
Task M blocked at 324
Task J blocked at 325
Task U unblocked at 327
Task J unblocked at 328
Task P blocked at 329
Task U blocked at 334
Task T unblocked at 334
Task P unblocked at 335
Task M unblocked at 336
Task T finished at 338
Task M blocked at 340
Task U unblocked at 340
Task U blocked at 342
Task P blocked at 345
Task J blocked at 346
Task U unblocked at 347
Task M unblocked at 348
Task M blocked at 353
Task U blocked at 354
Task P unblocked at 356
Task P finished at 358
Task J unblocked at 359
Task J finished at 362
Task M unblocked at 363
Task M blocked at 364
Task U unblocked at 367
Task U blocked at 370
Task U unblocked at 371
Task U blocked at 373
Task M unblocked at 378
Task M blocked at 379
Task U unblocked at 385
Task U finished at 389
Task M unblocked at 391
Task M blocked at 395
Task M unblocked at 399
Task M finished at 400
Task A: priority=3, start=0, finish=3, deadline=3, runtime=3, blocktime=0, switches=1, bursts=1
Task B: priority=0, start=7, finish=112, deadline=133, runtime=14, blocktime=91, switches=13, bursts=7
Task C: priority=3, start=10, finish=309, deadline=71, runtime=15, blocktime=36, switches=17, bursts=6
Task D: priority=2, start=10, finish=97, deadline=84, runtime=11, blocktime=51, switches=12, bursts=4
Task E: priority=1, start=20, finish=21, deadline=21, runtime=1, blocktime=0, switches=1, bursts=1
Task F: priority=2, start=33, finish=258, deadline=137, runtime=22, blocktime=65, switches=21, bursts=7
Task G: priority=2, start=42, finish=235, deadline=110, runtime=16, blocktime=41, switches=18, bursts=5
Task H: priority=1, start=45, finish=198, deadline=184, runtime=21, blocktime=95, switches=24, bursts=9
Task I: priority=1, start=58, finish=205, deadline=184, runtime=20, blocktime=85, switches=24, bursts=9
Task J: priority=3, start=58, finish=362, deadline=122, runtime=18, blocktime=36, switches=21, bursts=6
Task K: priority=3, start=68, finish=284, deadline=90, runtime=5, blocktime=14, switches=6, bursts=2
Task L: priority=0, start=76, finish=182, deadline=197, runtime=20, blocktime=81, switches=18, bursts=7
Task M: priority=3, start=81, finish=400, deadline=193, runtime=18, blocktime=76, switches=23, bursts=9
Task N: priority=2, start=92, finish=317, deadline=234, runtime=15, blocktime=104, switches=21, bursts=8
Task O: priority=0, start=103, finish=228, deadline=244, runtime=19, blocktime=99, switches=20, bursts=8
Task P: priority=3, start=110, finish=358, deadline=178, runtime=19, blocktime=38, switches=22, bursts=6
Task Q: priority=0, start=114, finish=179, deadline=186, runtime=11, blocktime=49, switches=9, bursts=3
Task R: priority=0, start=116, finish=117, deadline=117, runtime=1, blocktime=0, switches=1, bursts=1
Task S: priority=3, start=119, finish=269, deadline=122, runtime=3, blocktime=0, switches=3, bursts=1
Task T: priority=2, start=127, finish=338, deadline=266, runtime=27, blocktime=89, switches=24, bursts=9
Task U: priority=3, start=132, finish=389, deadline=230, runtime=24, blocktime=58, switches=26, bursts=9
Task V: priority=1, start=139, finish=268, deadline=272, runtime=14, blocktime=97, switches=18, bursts=7
Task W: priority=3, start=152, finish=291, deadline=161, runtime=5, blocktime=3, switches=6, bursts=2
Task X: priority=0, start=159, finish=170, deadline=167, runtime=6, blocktime=1, switches=5, bursts=2
Task Y: priority=1, start=171, finish=227, deadline=219, runtime=6, blocktime=34, switches=8, bursts=3
Task Z: priority=1, start=183, finish=314, deadline=321, runtime=24, blocktime=91, switches=20, bursts=9
